C:\Program Files (x86)\Microsoft Visual Studio\2017\Community\Common7\IDE\VC\VCTargets\Microsoft.CppBuild.targets(391,5): warning MSB8028: The intermediate directory (Debug\) contains files shared from another project (FreeGlut.vcxproj).  This can lead to incorrect clean and rebuild behavior.
  Source.c
d:\uni\2022-s1\cgp\ass1\assignment1\assignment\source.c(157): warning C4305: 'initializing': truncation from 'double' to 'float'
d:\uni\2022-s1\cgp\ass1\assignment1\assignment\source.c(159): warning C4305: 'initializing': truncation from 'double' to 'float'
d:\uni\2022-s1\cgp\ass1\assignment1\assignment\source.c(160): warning C4305: 'initializing': truncation from 'double' to 'float'
d:\uni\2022-s1\cgp\ass1\assignment1\assignment\source.c(163): warning C4305: 'initializing': truncation from 'double' to 'float'
d:\uni\2022-s1\cgp\ass1\assignment1\assignment\source.c(164): warning C4305: 'initializing': truncation from 'double' to 'float'
d:\uni\2022-s1\cgp\ass1\assignment1\assignment\source.c(172): warning C4305: 'initializing': truncation from 'double' to 'float'
d:\uni\2022-s1\cgp\ass1\assignment1\assignment\source.c(173): warning C4305: 'initializing': truncation from 'double' to 'float'
d:\uni\2022-s1\cgp\ass1\assignment1\assignment\source.c(181): warning C4305: 'initializing': truncation from 'double' to 'float'
d:\uni\2022-s1\cgp\ass1\assignment1\assignment\source.c(182): warning C4305: 'initializing': truncation from 'double' to 'float'
d:\uni\2022-s1\cgp\ass1\assignment1\assignment\source.c(190): warning C4305: 'initializing': truncation from 'double' to 'float'
d:\uni\2022-s1\cgp\ass1\assignment1\assignment\source.c(191): warning C4305: 'initializing': truncation from 'double' to 'float'
d:\uni\2022-s1\cgp\ass1\assignment1\assignment\source.c(192): warning C4305: 'initializing': truncation from 'double' to 'float'
d:\uni\2022-s1\cgp\ass1\assignment1\assignment\source.c(193): warning C4305: 'initializing': truncation from 'double' to 'float'
d:\uni\2022-s1\cgp\ass1\assignment1\assignment\source.c(194): warning C4305: 'initializing': truncation from 'double' to 'float'
d:\uni\2022-s1\cgp\ass1\assignment1\assignment\source.c(195): warning C4305: 'initializing': truncation from 'double' to 'float'
d:\uni\2022-s1\cgp\ass1\assignment1\assignment\source.c(350): warning C4305: 'function': truncation from 'double' to 'float'
d:\uni\2022-s1\cgp\ass1\assignment1\assignment\source.c(307): warning C4305: 'initializing': truncation from 'double' to 'float'
d:\uni\2022-s1\cgp\ass1\assignment1\assignment\source.c(331): warning C4305: 'initializing': truncation from 'double' to 'float'
d:\uni\2022-s1\cgp\ass1\assignment1\assignment\source.c(434): warning C4013: 'time' undefined; assuming extern returning int
d:\uni\2022-s1\cgp\ass1\assignment1\assignment\source.c(436): warning C4305: 'function': truncation from 'double' to 'GLclampf'
d:\uni\2022-s1\cgp\ass1\assignment1\assignment\source.c(465): warning C4305: 'initializing': truncation from 'double' to 'float'
d:\uni\2022-s1\cgp\ass1\assignment1\assignment\source.c(534): warning C4305: 'initializing': truncation from 'double' to 'float'
d:\uni\2022-s1\cgp\ass1\assignment1\assignment\source.c(545): warning C4305: 'initializing': truncation from 'double' to 'float'
d:\uni\2022-s1\cgp\ass1\assignment1\assignment\source.c(546): warning C4305: 'initializing': truncation from 'double' to 'float'
d:\uni\2022-s1\cgp\ass1\assignment1\assignment\source.c(560): warning C4305: 'function': truncation from 'double' to 'GLfloat'
d:\uni\2022-s1\cgp\ass1\assignment1\assignment\source.c(563): warning C4305: 'function': truncation from 'double' to 'GLfloat'
d:\uni\2022-s1\cgp\ass1\assignment1\assignment\source.c(570): warning C4305: 'function': truncation from 'double' to 'GLfloat'
d:\uni\2022-s1\cgp\ass1\assignment1\assignment\source.c(572): warning C4305: 'function': truncation from 'double' to 'GLfloat'
d:\uni\2022-s1\cgp\ass1\assignment1\assignment\source.c(573): warning C4305: 'function': truncation from 'double' to 'GLfloat'
d:\uni\2022-s1\cgp\ass1\assignment1\assignment\source.c(574): warning C4305: 'function': truncation from 'double' to 'GLfloat'
d:\uni\2022-s1\cgp\ass1\assignment1\assignment\source.c(575): warning C4305: 'function': truncation from 'double' to 'GLfloat'
d:\uni\2022-s1\cgp\ass1\assignment1\assignment\source.c(580): warning C4305: 'function': truncation from 'double' to 'GLfloat'
d:\uni\2022-s1\cgp\ass1\assignment1\assignment\source.c(582): warning C4305: 'function': truncation from 'double' to 'GLfloat'
d:\uni\2022-s1\cgp\ass1\assignment1\assignment\source.c(583): warning C4305: 'function': truncation from 'double' to 'GLfloat'
d:\uni\2022-s1\cgp\ass1\assignment1\assignment\source.c(585): warning C4305: 'function': truncation from 'double' to 'GLfloat'
d:\uni\2022-s1\cgp\ass1\assignment1\assignment\source.c(730): warning C4305: 'function': truncation from 'double' to 'float'
d:\uni\2022-s1\cgp\ass1\assignment1\assignment\source.c(742): warning C4305: 'function': truncation from 'double' to 'float'
d:\uni\2022-s1\cgp\ass1\assignment1\assignment\source.c(754): warning C4305: 'function': truncation from 'double' to 'float'
d:\uni\2022-s1\cgp\ass1\assignment1\assignment\source.c(724): warning C4305: 'initializing': truncation from 'double' to 'float'
d:\uni\2022-s1\cgp\ass1\assignment1\assignment\source.c(725): warning C4305: 'initializing': truncation from 'double' to 'float'
d:\uni\2022-s1\cgp\ass1\assignment1\assignment\source.c(726): warning C4305: 'initializing': truncation from 'double' to 'float'
d:\uni\2022-s1\cgp\ass1\assignment1\assignment\source.c(729): warning C4305: 'initializing': truncation from 'double' to 'float'
d:\uni\2022-s1\cgp\ass1\assignment1\assignment\source.c(736): warning C4305: 'initializing': truncation from 'double' to 'float'
d:\uni\2022-s1\cgp\ass1\assignment1\assignment\source.c(737): warning C4305: 'initializing': truncation from 'double' to 'float'
d:\uni\2022-s1\cgp\ass1\assignment1\assignment\source.c(738): warning C4305: 'initializing': truncation from 'double' to 'float'
d:\uni\2022-s1\cgp\ass1\assignment1\assignment\source.c(741): warning C4305: 'initializing': truncation from 'double' to 'float'
d:\uni\2022-s1\cgp\ass1\assignment1\assignment\source.c(748): warning C4305: 'initializing': truncation from 'double' to 'float'
d:\uni\2022-s1\cgp\ass1\assignment1\assignment\source.c(749): warning C4305: 'initializing': truncation from 'double' to 'float'
d:\uni\2022-s1\cgp\ass1\assignment1\assignment\source.c(750): warning C4305: 'initializing': truncation from 'double' to 'float'
d:\uni\2022-s1\cgp\ass1\assignment1\assignment\source.c(753): warning C4305: 'initializing': truncation from 'double' to 'float'
d:\uni\2022-s1\cgp\ass1\assignment1\assignment\source.c(778): warning C4305: 'function': truncation from 'double' to 'float'
d:\uni\2022-s1\cgp\ass1\assignment1\assignment\source.c(787): warning C4305: 'function': truncation from 'double' to 'float'
d:\uni\2022-s1\cgp\ass1\assignment1\assignment\source.c(796): warning C4305: 'function': truncation from 'double' to 'float'
d:\uni\2022-s1\cgp\ass1\assignment1\assignment\source.c(804): warning C4305: 'function': truncation from 'double' to 'float'
d:\uni\2022-s1\cgp\ass1\assignment1\assignment\source.c(821): warning C4305: 'function': truncation from 'double' to 'float'
d:\uni\2022-s1\cgp\ass1\assignment1\assignment\source.c(764): warning C4305: 'initializing': truncation from 'double' to 'float'
d:\uni\2022-s1\cgp\ass1\assignment1\assignment\source.c(766): warning C4305: 'initializing': truncation from 'double' to 'float'
d:\uni\2022-s1\cgp\ass1\assignment1\assignment\source.c(767): warning C4305: 'initializing': truncation from 'double' to 'float'
d:\uni\2022-s1\cgp\ass1\assignment1\assignment\source.c(770): warning C4244: 'initializing': conversion from 'double' to 'float', possible loss of data
d:\uni\2022-s1\cgp\ass1\assignment1\assignment\source.c(771): warning C4244: 'initializing': conversion from 'double' to 'float', possible loss of data
d:\uni\2022-s1\cgp\ass1\assignment1\assignment\source.c(774): warning C4244: 'initializing': conversion from 'double' to 'float', possible loss of data
d:\uni\2022-s1\cgp\ass1\assignment1\assignment\source.c(777): warning C4305: 'initializing': truncation from 'double' to 'float'
d:\uni\2022-s1\cgp\ass1\assignment1\assignment\source.c(785): warning C4305: 'initializing': truncation from 'double' to 'float'
d:\uni\2022-s1\cgp\ass1\assignment1\assignment\source.c(793): warning C4305: 'initializing': truncation from 'double' to 'float'
d:\uni\2022-s1\cgp\ass1\assignment1\assignment\source.c(794): warning C4305: 'initializing': truncation from 'double' to 'float'
d:\uni\2022-s1\cgp\ass1\assignment1\assignment\source.c(801): warning C4305: 'initializing': truncation from 'double' to 'float'
d:\uni\2022-s1\cgp\ass1\assignment1\assignment\source.c(802): warning C4305: 'initializing': truncation from 'double' to 'float'
d:\uni\2022-s1\cgp\ass1\assignment1\assignment\source.c(811): warning C4305: 'initializing': truncation from 'double' to 'float'
d:\uni\2022-s1\cgp\ass1\assignment1\assignment\source.c(812): warning C4305: 'initializing': truncation from 'double' to 'float'
d:\uni\2022-s1\cgp\ass1\assignment1\assignment\source.c(813): warning C4305: 'initializing': truncation from 'double' to 'float'
d:\uni\2022-s1\cgp\ass1\assignment1\assignment\source.c(818): warning C4244: 'initializing': conversion from 'double' to 'float', possible loss of data
d:\uni\2022-s1\cgp\ass1\assignment1\assignment\source.c(820): warning C4305: 'initializing': truncation from 'double' to 'float'
d:\uni\2022-s1\cgp\ass1\assignment1\assignment\source.c(837): warning C4305: 'function': truncation from 'double' to 'float'
d:\uni\2022-s1\cgp\ass1\assignment1\assignment\source.c(841): warning C4305: 'function': truncation from 'double' to 'float'
d:\uni\2022-s1\cgp\ass1\assignment1\assignment\source.c(828): warning C4305: 'initializing': truncation from 'double' to 'float'
d:\uni\2022-s1\cgp\ass1\assignment1\assignment\source.c(829): warning C4305: 'initializing': truncation from 'double' to 'float'
d:\uni\2022-s1\cgp\ass1\assignment1\assignment\source.c(832): warning C4305: 'initializing': truncation from 'double' to 'float'
d:\uni\2022-s1\cgp\ass1\assignment1\assignment\source.c(835): warning C4305: 'initializing': truncation from 'double' to 'float'
d:\uni\2022-s1\cgp\ass1\assignment1\assignment\source.c(839): warning C4305: 'initializing': truncation from 'double' to 'float'
d:\uni\2022-s1\cgp\ass1\assignment1\assignment\source.c(840): warning C4305: 'initializing': truncation from 'double' to 'float'
d:\uni\2022-s1\cgp\ass1\assignment1\assignment\source.c(847): warning C4305: 'initializing': truncation from 'double' to 'float'
d:\uni\2022-s1\cgp\ass1\assignment1\assignment\source.c(855): warning C4305: 'initializing': truncation from 'double' to 'float'
d:\uni\2022-s1\cgp\ass1\assignment1\assignment\source.c(863): warning C4305: 'initializing': truncation from 'double' to 'float'
d:\uni\2022-s1\cgp\ass1\assignment1\assignment\source.c(871): warning C4305: 'initializing': truncation from 'double' to 'float'
d:\uni\2022-s1\cgp\ass1\assignment1\assignment\source.c(872): warning C4305: 'initializing': truncation from 'double' to 'float'
d:\uni\2022-s1\cgp\ass1\assignment1\assignment\source.c(881): warning C4305: 'initializing': truncation from 'double' to 'float'
d:\uni\2022-s1\cgp\ass1\assignment1\assignment\source.c(889): warning C4305: 'initializing': truncation from 'double' to 'float'
d:\uni\2022-s1\cgp\ass1\assignment1\assignment\source.c(896): warning C4305: 'initializing': truncation from 'double' to 'float'
d:\uni\2022-s1\cgp\ass1\assignment1\assignment\source.c(904): warning C4305: 'initializing': truncation from 'double' to 'float'
d:\uni\2022-s1\cgp\ass1\assignment1\assignment\source.c(905): warning C4305: 'initializing': truncation from 'double' to 'float'
d:\uni\2022-s1\cgp\ass1\assignment1\assignment\source.c(916): warning C4305: 'function': truncation from 'double' to 'float'
d:\uni\2022-s1\cgp\ass1\assignment1\assignment\source.c(923): warning C4305: 'function': truncation from 'double' to 'float'
d:\uni\2022-s1\cgp\ass1\assignment1\assignment\source.c(929): warning C4305: 'function': truncation from 'double' to 'float'
d:\uni\2022-s1\cgp\ass1\assignment1\assignment\source.c(915): warning C4305: 'initializing': truncation from 'double' to 'float'
d:\uni\2022-s1\cgp\ass1\assignment1\assignment\source.c(922): warning C4305: 'initializing': truncation from 'double' to 'float'
d:\uni\2022-s1\cgp\ass1\assignment1\assignment\source.c(928): warning C4305: 'initializing': truncation from 'double' to 'float'
d:\uni\2022-s1\cgp\ass1\assignment1\assignment\source.c(947): warning C4305: 'function': truncation from 'double' to 'float'
d:\uni\2022-s1\cgp\ass1\assignment1\assignment\source.c(939): warning C4305: 'initializing': truncation from 'double' to 'float'
d:\uni\2022-s1\cgp\ass1\assignment1\assignment\source.c(946): warning C4305: 'initializing': truncation from 'double' to 'float'
d:\uni\2022-s1\cgp\ass1\assignment1\assignment\source.c(957): warning C4305: 'function': truncation from 'double' to 'float'
d:\uni\2022-s1\cgp\ass1\assignment1\assignment\source.c(960): warning C4305: 'function': truncation from 'double' to 'float'
d:\uni\2022-s1\cgp\ass1\assignment1\assignment\source.c(966): warning C4305: 'function': truncation from 'double' to 'float'
d:\uni\2022-s1\cgp\ass1\assignment1\assignment\source.c(969): warning C4305: 'function': truncation from 'double' to 'float'
d:\uni\2022-s1\cgp\ass1\assignment1\assignment\source.c(976): warning C4305: 'function': truncation from 'double' to 'float'
d:\uni\2022-s1\cgp\ass1\assignment1\assignment\source.c(983): warning C4305: 'function': truncation from 'double' to 'float'
d:\uni\2022-s1\cgp\ass1\assignment1\assignment\source.c(956): warning C4305: 'initializing': truncation from 'double' to 'float'
d:\uni\2022-s1\cgp\ass1\assignment1\assignment\source.c(959): warning C4305: 'initializing': truncation from 'double' to 'float'
d:\uni\2022-s1\cgp\ass1\assignment1\assignment\source.c(965): warning C4305: 'initializing': truncation from 'double' to 'float'
d:\uni\2022-s1\cgp\ass1\assignment1\assignment\source.c(968): warning C4305: 'initializing': truncation from 'double' to 'float'
d:\uni\2022-s1\cgp\ass1\assignment1\assignment\source.c(975): warning C4305: 'initializing': truncation from 'double' to 'float'
d:\uni\2022-s1\cgp\ass1\assignment1\assignment\source.c(982): warning C4305: 'initializing': truncation from 'double' to 'float'
d:\uni\2022-s1\cgp\ass1\assignment1\assignment\source.c(1151): warning C4305: 'function': truncation from 'double' to 'GLfloat'
d:\uni\2022-s1\cgp\ass1\assignment1\assignment\source.c(1137): warning C4305: 'initializing': truncation from 'double' to 'float'
d:\uni\2022-s1\cgp\ass1\assignment1\assignment\source.c(1140): warning C4305: 'initializing': truncation from 'double' to 'float'
d:\uni\2022-s1\cgp\ass1\assignment1\assignment\source.c(1142): warning C4305: 'initializing': truncation from 'double' to 'float'
d:\uni\2022-s1\cgp\ass1\assignment1\assignment\source.c(1143): warning C4305: 'initializing': truncation from 'double' to 'float'
d:\uni\2022-s1\cgp\ass1\assignment1\assignment\source.c(1144): warning C4305: 'initializing': truncation from 'double' to 'float'
d:\uni\2022-s1\cgp\ass1\assignment1\assignment\source.c(1153): warning C4305: 'initializing': truncation from 'double' to 'float'
d:\uni\2022-s1\cgp\ass1\assignment1\assignment\source.c(1154): warning C4305: 'initializing': truncation from 'double' to 'float'
d:\uni\2022-s1\cgp\ass1\assignment1\assignment\source.c(1155): warning C4305: 'initializing': truncation from 'double' to 'float'
d:\uni\2022-s1\cgp\ass1\assignment1\assignment\source.c(1232): warning C4244: 'function': conversion from 'double' to 'GLfloat', possible loss of data
d:\uni\2022-s1\cgp\ass1\assignment1\assignment\source.c(1240): warning C4244: 'initializing': conversion from 'double' to 'float', possible loss of data
d:\uni\2022-s1\cgp\ass1\assignment1\assignment\source.c(1274): warning C4305: 'function': truncation from 'double' to 'float'
d:\uni\2022-s1\cgp\ass1\assignment1\assignment\source.c(1275): warning C4305: 'function': truncation from 'double' to 'float'
d:\uni\2022-s1\cgp\ass1\assignment1\assignment\source.c(1276): warning C4305: 'function': truncation from 'double' to 'float'
d:\uni\2022-s1\cgp\ass1\assignment1\assignment\source.c(1277): warning C4305: 'function': truncation from 'double' to 'float'
d:\uni\2022-s1\cgp\ass1\assignment1\assignment\source.c(1283): warning C4305: 'function': truncation from 'double' to 'float'
d:\uni\2022-s1\cgp\ass1\assignment1\assignment\source.c(1284): warning C4305: 'function': truncation from 'double' to 'float'
d:\uni\2022-s1\cgp\ass1\assignment1\assignment\source.c(1285): warning C4305: 'function': truncation from 'double' to 'float'
d:\uni\2022-s1\cgp\ass1\assignment1\assignment\source.c(1291): warning C4305: 'function': truncation from 'double' to 'float'
d:\uni\2022-s1\cgp\ass1\assignment1\assignment\source.c(1292): warning C4305: 'function': truncation from 'double' to 'float'
d:\uni\2022-s1\cgp\ass1\assignment1\assignment\source.c(1293): warning C4305: 'function': truncation from 'double' to 'float'
d:\uni\2022-s1\cgp\ass1\assignment1\assignment\source.c(1294): warning C4305: 'function': truncation from 'double' to 'float'
d:\uni\2022-s1\cgp\ass1\assignment1\assignment\source.c(1300): warning C4305: 'function': truncation from 'double' to 'float'
d:\uni\2022-s1\cgp\ass1\assignment1\assignment\source.c(1301): warning C4305: 'function': truncation from 'double' to 'float'
d:\uni\2022-s1\cgp\ass1\assignment1\assignment\source.c(1302): warning C4305: 'function': truncation from 'double' to 'float'
d:\uni\2022-s1\cgp\ass1\assignment1\assignment\source.c(1303): warning C4305: 'function': truncation from 'double' to 'float'
d:\uni\2022-s1\cgp\ass1\assignment1\assignment\source.c(1309): warning C4305: 'function': truncation from 'double' to 'float'
d:\uni\2022-s1\cgp\ass1\assignment1\assignment\source.c(1310): warning C4305: 'function': truncation from 'double' to 'float'
d:\uni\2022-s1\cgp\ass1\assignment1\assignment\source.c(1311): warning C4305: 'function': truncation from 'double' to 'float'
d:\uni\2022-s1\cgp\ass1\assignment1\assignment\source.c(1312): warning C4305: 'function': truncation from 'double' to 'float'
d:\uni\2022-s1\cgp\ass1\assignment1\assignment\source.c(1318): warning C4305: 'function': truncation from 'double' to 'float'
d:\uni\2022-s1\cgp\ass1\assignment1\assignment\source.c(1319): warning C4305: 'function': truncation from 'double' to 'float'
d:\uni\2022-s1\cgp\ass1\assignment1\assignment\source.c(1320): warning C4305: 'function': truncation from 'double' to 'float'
d:\uni\2022-s1\cgp\ass1\assignment1\assignment\source.c(1329): warning C4305: 'function': truncation from 'double' to 'float'
d:\uni\2022-s1\cgp\ass1\assignment1\assignment\source.c(1363): warning C4305: 'function': truncation from 'double' to 'float'
d:\uni\2022-s1\cgp\ass1\assignment1\assignment\source.c(1369): warning C4305: '+=': truncation from 'double' to 'float'
d:\uni\2022-s1\cgp\ass1\assignment1\assignment\source.c(1402): warning C4305: 'function': truncation from 'double' to 'float'
d:\uni\2022-s1\cgp\ass1\assignment1\assignment\source.c(1423): warning C4305: 'function': truncation from 'double' to 'float'
d:\uni\2022-s1\cgp\ass1\assignment1\assignment\source.c(1424): warning C4244: '=': conversion from 'double' to 'float', possible loss of data
d:\uni\2022-s1\cgp\ass1\assignment1\assignment\source.c(1501): warning C4028: formal parameter 3 different from declaration
d:\uni\2022-s1\cgp\ass1\assignment1\assignment\source.c(1509): warning C4305: 'initializing': truncation from 'double' to 'float'
d:\uni\2022-s1\cgp\ass1\assignment1\assignment\source.c(1537): warning C4305: 'function': truncation from 'double' to 'float'
d:\uni\2022-s1\cgp\ass1\assignment1\assignment\source.c(1540): warning C4244: 'function': conversion from 'double' to 'float', possible loss of data
d:\uni\2022-s1\cgp\ass1\assignment1\assignment\source.c(1542): warning C4244: 'function': conversion from 'double' to 'float', possible loss of data
d:\uni\2022-s1\cgp\ass1\assignment1\assignment\source.c(1544): warning C4305: 'function': truncation from 'double' to 'float'
d:\uni\2022-s1\cgp\ass1\assignment1\assignment\source.c(1552): warning C4305: 'function': truncation from 'double' to 'float'
d:\uni\2022-s1\cgp\ass1\assignment1\assignment\source.c(1555): warning C4305: 'function': truncation from 'double' to 'float'
d:\uni\2022-s1\cgp\ass1\assignment1\assignment\source.c(1526): warning C4244: 'initializing': conversion from 'double' to 'float', possible loss of data
d:\uni\2022-s1\cgp\ass1\assignment1\assignment\source.c(1549): warning C4305: 'initializing': truncation from 'double' to 'float'
d:\uni\2022-s1\cgp\ass1\assignment1\assignment\source.c(1613): warning C4244: '=': conversion from 'double' to 'float', possible loss of data
d:\uni\2022-s1\cgp\ass1\assignment1\assignment\source.c(1574): warning C4305: 'initializing': truncation from 'double' to 'float'
d:\uni\2022-s1\cgp\ass1\assignment1\assignment\source.c(1575): warning C4305: 'initializing': truncation from 'double' to 'float'
d:\uni\2022-s1\cgp\ass1\assignment1\assignment\source.c(1603): warning C4244: 'initializing': conversion from 'double' to 'float', possible loss of data
d:\uni\2022-s1\cgp\ass1\assignment1\assignment\source.c(1622): warning C4305: 'function': truncation from 'double' to 'float'
d:\uni\2022-s1\cgp\ass1\assignment1\assignment\source.c(1623): warning C4305: 'function': truncation from 'double' to 'float'
d:\uni\2022-s1\cgp\ass1\assignment1\assignment\source.c(1624): warning C4305: 'function': truncation from 'double' to 'float'
  LINK : D:\UNI\2022-S1\CGP\Ass1\Assignment1\Debug\Assignment.exe not found or not built by the last incremental link; performing full link
  FreeGlut.vcxproj -> D:\UNI\2022-S1\CGP\Ass1\Assignment1\Debug\Assignment.exe
  D:\UNI\2022-S1\CGP\Ass1\Assignment1\Assignment\freeglut\bin\freeglut.dll
  1 File(s) copied
